[debug] [2022-10-21T20:42:12.626Z] ----------------------------------------------------------------------
[debug] [2022-10-21T20:42:12.628Z] Command:       C:\Program Files\nodejs\node.exe C:\Users\anand\AppData\Roaming\npm\node_modules\firebase-tools\lib\bin\firebase.js init
[debug] [2022-10-21T20:42:12.628Z] CLI Version:   9.23.3
[debug] [2022-10-21T20:42:12.628Z] Platform:      win32
[debug] [2022-10-21T20:42:12.629Z] Node Version:  v16.13.1
[debug] [2022-10-21T20:42:12.629Z] Time:          Sat Oct 22 2022 02:12:12 GMT+0530 (India Standard Time)
[debug] [2022-10-21T20:42:12.629Z] ----------------------------------------------------------------------
[debug] 
[debug] [2022-10-21T20:42:12.675Z] > command requires scopes: ["email","openid","https://www.googleapis.com/auth/cloudplatformprojects.readonly","https://www.googleapis.com/auth/firebase","https://www.googleapis.com/auth/cloud-platform"]
[debug] [2022-10-21T20:42:12.675Z] > authorizing via signed-in user (anand5895@gmail.com)
[info] 
     ######## #### ########  ######## ########     ###     ######  ########
     ##        ##  ##     ## ##       ##     ##  ##   ##  ##       ##
     ######    ##  ########  ######   ########  #########  ######  ######
     ##        ##  ##    ##  ##       ##     ## ##     ##       ## ##
     ##       #### ##     ## ######## ########  ##     ##  ######  ########

You're about to initialize a Firebase project in this directory:

  H:\Projects\nitish-website

Before we get started, keep in mind:

  * You are initializing within an existing Firebase project directory

[info] 
=== Project Setup
[info] 
[info] First, let's associate this project directory with a Firebase project.
[info] You can create multiple project aliases by running firebase use --add, 
[info] but for now we'll just set up a default project.
[info] 
[debug] [2022-10-21T20:42:18.247Z] Using project from CLI flag: thelastvultures
[debug] [2022-10-21T20:42:18.249Z] > refreshing access token with scopes: []
[debug] [2022-10-21T20:42:18.249Z] >>> HTTP REQUEST POST https://www.googleapis.com/oauth2/v3/token  
 <request body omitted>
[debug] [2022-10-21T20:42:18.439Z] <<< HTTP RESPONSE 400 {"pragma":"no-cache","expires":"Mon, 01 Jan 1990 00:00:00 GMT","date":"Fri, 21 Oct 2022 20:42:19 GMT","cache-control":"no-cache, no-store, max-age=0, must-revalidate","content-type":"application/json; charset=utf-8","vary":"X-Origin, Referer, Origin,Accept-Encoding","server":"scaffolding on HTTPServer2","x-xss-protection":"0","x-frame-options":"SAMEORIGIN","x-content-type-options":"nosniff","alt-svc":"h3=\":443\"; ma=2592000,h3-29=\":443\"; ma=2592000,h3-Q050=\":443\"; ma=2592000,h3-Q046=\":443\"; ma=2592000,h3-Q043=\":443\"; ma=2592000,quic=\":443\"; ma=2592000; v=\"46,43\"","accept-ranges":"none","transfer-encoding":"chunked"}
[debug] [2022-10-21T20:42:18.441Z] >>> [apiv2][query] GET https://firebase.googleapis.com/v1beta1/projects/thelastvultures [none]
[debug] [2022-10-21T20:42:18.916Z] <<< [apiv2][status] GET https://firebase.googleapis.com/v1beta1/projects/thelastvultures 401
[debug] [2022-10-21T20:42:18.916Z] <<< [apiv2][body] GET https://firebase.googleapis.com/v1beta1/projects/thelastvultures {"error":{"code":401,"message":"Request had invalid authentication credentials. Expected OAuth 2 access token, login cookie or other valid authentication credential. See https://developers.google.com/identity/sign-in/web/devconsole-project.","status":"UNAUTHENTICATED"}}
[debug] [2022-10-21T20:42:18.916Z] HTTP Error: 401, Request had invalid authentication credentials. Expected OAuth 2 access token, login cookie or other valid authentication credential. See https://developers.google.com/identity/sign-in/web/devconsole-project.
[debug] [2022-10-21T20:42:19.073Z] FirebaseError: HTTP Error: 401, Request had invalid authentication credentials. Expected OAuth 2 access token, login cookie or other valid authentication credential. See https://developers.google.com/identity/sign-in/web/devconsole-project.
    at module.exports (C:\Users\anand\AppData\Roaming\npm\node_modules\firebase-tools\lib\responseToError.js:38:12)
    at Client.doRequest (C:\Users\anand\AppData\Roaming\npm\node_modules\firebase-tools\lib\apiv2.js:241:23)
    at processTicksAndRejections (node:internal/process/task_queues:96:5)
    at async Client.request (C:\Users\anand\AppData\Roaming\npm\node_modules\firebase-tools\lib\apiv2.js:96:20)
    at async Object.getFirebaseProject (C:\Users\anand\AppData\Roaming\npm\node_modules\firebase-tools\lib\management\projects.js:290:21)
    at async Object.doSetup [as project] (C:\Users\anand\AppData\Roaming\npm\node_modules\firebase-tools\lib\init\features\project.js:85:27)
    at async init (C:\Users\anand\AppData\Roaming\npm\node_modules\firebase-tools\lib\init\index.js:19:9)
[error] 
[error] Error: Failed to get Firebase project thelastvultures. Please make sure the project exists and your account has permission to access it.
